<?xml version="1.0" encoding="UTF-8"?>
<!-- Generated by org.testng.reporters.JUnitReportReporter -->
<testsuite hostname="DESKTOP-2CTJ19M" failures="0" tests="6" name="test.testType3" time="0.023" errors="0" timestamp="2022-08-15T00:04:11 CEST" skipped="1">
  <testcase classname="test.testType3" name="MobilesingoutCarLoan" time="0.004"/>
  <system-out/>
  <testcase classname="test.testType3" name="MobileLoginCarLoan" time="0.004"/>
  <system-out/>
  <testcase classname="test.testType3" name="MobilesingoutCarLoan" time="0.005"/>
  <system-out/>
  <testcase classname="test.testType3" name="MobilesingoutCarLoan" time="0.005"/>
  <system-out/>
  <testcase classname="test.testType3" name="WebloginCarLoan" time="0.005"/>
  <system-out/>
  <testcase classname="test.testType3" name="MobilesinginCarLoan">
    <skipped/>
  </testcase> <!-- MobilesinginCarLoan -->
  <system-out/>
</testsuite> <!-- test.testType3 -->
