<?xml version="1.0" encoding="UTF-8"?>
<!-- Generated by org.testng.reporters.JUnitReportReporter -->
<testsuite hostname="DESKTOP-2CTJ19M" failures="0" tests="3" name="test.testType4" time="0.008" errors="0" timestamp="2022-08-15T00:04:11 CEST" skipped="0">
  <testcase classname="test.testType4" name="WebloginHomeLoan" time="0.003"/>
  <system-out/>
  <testcase classname="test.testType4" name="LoginAPIHomeLoan" time="0.003"/>
  <system-out/>
  <testcase classname="test.testType4" name="MobileLoginHomeLoan" time="0.002"/>
  <system-out/>
</testsuite> <!-- test.testType4 -->
