<?xml version="1.0" encoding="UTF-8"?>
<!-- Generated by org.testng.reporters.JUnitReportReporter -->
<testsuite hostname="DESKTOP-2CTJ19M" failures="0" tests="1" name="test.testType2" time="0.003" errors="0" timestamp="2022-08-15T00:04:11 CEST" skipped="0">
  <testcase classname="test.testType2" name="ploan" time="0.003"/>
  <system-out/>
</testsuite> <!-- test.testType2 -->
